[2022-07-04 16:24:16] Текст ошибки: Страница не найдена | Файл: F:\WebServer\domains\workplace.loc\vendor\workplace\core\Router.php | Строка: 49
--------------------
[2022-07-04 16:25:00] Текст ошибки: Страница не найдена | Файл: F:\WebServer\domains\workplace.loc\vendor\workplace\core\Router.php | Строка: 49
--------------------
[2022-07-04 16:30:26] Текст ошибки: Страница не найдена | Файл: F:\WebServer\domains\workplace.loc\vendor\workplace\core\Router.php | Строка: 49
--------------------
[2022-07-04 16:31:22] Текст ошибки: Страница не найдена | Файл: F:\WebServer\domains\workplace.loc\vendor\workplace\core\Router.php | Строка: 49
--------------------
[2022-07-04 16:33:03] Текст ошибки: Страница не найдена | Файл: F:\WebServer\domains\workplace.loc\vendor\workplace\core\Router.php | Строка: 49
--------------------
[2022-07-04 16:33:14] Текст ошибки: Страница не найдена | Файл: F:\WebServer\domains\workplace.loc\vendor\workplace\core\Router.php | Строка: 49
--------------------
[2022-07-04 16:34:05] Текст ошибки: Страница не найдена | Файл: F:\WebServer\domains\workplace.loc\vendor\workplace\core\Router.php | Строка: 49
--------------------
[2022-07-21 19:29:53] Текст ошибки: Страница не найдена | Файл: F:\WebServer\domains\workplace.loc\vendor\workplace\core\Router.php | Строка: 49
--------------------
[2022-07-28 18:01:08] Текст ошибки: Argument 1 passed to app\models\Partner::getPartnerByID() must be of the type string, null given, called in F:\WebServer\domains\workplace.loc\app\controllers\MainController.php on line 17 | Файл: F:\WebServer\domains\workplace.loc\app\models\Partner.php | Строка: 90
--------------------
[2022-07-28 18:01:08] Текст ошибки: Страница не найдена | Файл: F:\WebServer\domains\workplace.loc\vendor\workplace\core\Router.php | Строка: 49
--------------------
[2022-07-28 18:03:28] Текст ошибки: Страница не найдена | Файл: F:\WebServer\domains\workplace.loc\vendor\workplace\core\Router.php | Строка: 49
--------------------
[2022-07-30 17:07:23] Текст ошибки: Страница не найдена | Файл: F:\WebServer\domains\workplace.loc\vendor\workplace\core\Router.php | Строка: 49
--------------------
[2022-07-31 15:44:51] Текст ошибки: Страница не найдена | Файл: F:\WebServer\domains\workplace.loc\vendor\workplace\core\Router.php | Строка: 49
--------------------
[2022-07-31 15:46:26] Текст ошибки: Страница не найдена | Файл: F:\WebServer\domains\workplace.loc\vendor\workplace\core\Router.php | Строка: 49
--------------------
[2022-07-31 15:46:37] Текст ошибки: Страница не найдена | Файл: F:\WebServer\domains\workplace.loc\vendor\workplace\core\Router.php | Строка: 49
--------------------
[2022-07-31 15:50:29] Текст ошибки: Страница не найдена | Файл: F:\WebServer\domains\workplace.loc\vendor\workplace\core\Router.php | Строка: 49
--------------------
[2022-07-31 16:13:07] Текст ошибки: Страница не найдена | Файл: F:\WebServer\domains\workplace.loc\vendor\workplace\core\Router.php | Строка: 49
--------------------
[2022-07-31 16:21:44] Текст ошибки: Страница не найдена | Файл: F:\WebServer\domains\workplace.loc\vendor\workplace\core\Router.php | Строка: 49
--------------------
[2022-07-31 16:44:09] Текст ошибки: Страница не найдена | Файл: F:\WebServer\domains\workplace.loc\vendor\workplace\core\Router.php | Строка: 49
--------------------
[2022-08-07 12:29:06] Текст ошибки: Страница не найдена | Файл: F:\WebServer\domains\workplace.loc\vendor\workplace\core\Router.php | Строка: 49
--------------------
[2022-08-07 15:10:08] Текст ошибки: Страница не найдена | Файл: F:\WebServer\domains\workplace.loc\vendor\workplace\core\Router.php | Строка: 49
--------------------
[2022-08-07 17:04:02] Текст ошибки: Файл вида F:\WebServer\domains\workplace.loc/app/views/Budget/file-upload.php не найден | Файл: F:\WebServer\domains\workplace.loc\vendor\workplace\core\base\View.php | Строка: 76
--------------------
[2022-08-07 17:04:03] Текст ошибки: Страница не найдена | Файл: F:\WebServer\domains\workplace.loc\vendor\workplace\core\Router.php | Строка: 49
--------------------
[2022-08-07 17:07:21] Текст ошибки: Страница не найдена | Файл: F:\WebServer\domains\workplace.loc\vendor\workplace\core\Router.php | Строка: 49
--------------------
[2022-08-07 17:07:28] Текст ошибки: Страница не найдена | Файл: F:\WebServer\domains\workplace.loc\vendor\workplace\core\Router.php | Строка: 49
--------------------
[2022-08-07 17:14:40] Текст ошибки: Страница не найдена | Файл: F:\WebServer\domains\workplace.loc\vendor\workplace\core\Router.php | Строка: 49
--------------------
[2022-08-07 17:14:58] Текст ошибки: Страница не найдена | Файл: F:\WebServer\domains\workplace.loc\vendor\workplace\core\Router.php | Строка: 49
--------------------
[2022-08-07 17:16:18] Текст ошибки: Страница не найдена | Файл: F:\WebServer\domains\workplace.loc\vendor\workplace\core\Router.php | Строка: 49
--------------------
[2022-08-07 17:17:27] Текст ошибки: Страница не найдена | Файл: F:\WebServer\domains\workplace.loc\vendor\workplace\core\Router.php | Строка: 49
--------------------
[2022-08-07 17:17:47] Текст ошибки: Страница не найдена | Файл: F:\WebServer\domains\workplace.loc\vendor\workplace\core\Router.php | Строка: 49
--------------------
[2022-08-07 17:19:22] Текст ошибки: Страница не найдена | Файл: F:\WebServer\domains\workplace.loc\vendor\workplace\core\Router.php | Строка: 49
--------------------
[2022-08-07 17:21:31] Текст ошибки: Страница не найдена | Файл: F:\WebServer\domains\workplace.loc\vendor\workplace\core\Router.php | Строка: 49
--------------------
[2022-08-07 17:54:19] Текст ошибки: Страница не найдена | Файл: F:\WebServer\domains\workplace.loc\vendor\workplace\core\Router.php | Строка: 49
--------------------
[2022-08-07 17:57:16] Текст ошибки: Страница не найдена | Файл: F:\WebServer\domains\workplace.loc\vendor\workplace\core\Router.php | Строка: 49
--------------------
[2022-08-07 19:33:15] Текст ошибки: Контроллер app\controllers\TargetController не найден | Файл: F:\WebServer\domains\workplace.loc\vendor\workplace\core\Router.php | Строка: 46
--------------------
[2022-08-07 19:33:38] Текст ошибки: Контроллер app\controllers\TargetController не найден | Файл: F:\WebServer\domains\workplace.loc\vendor\workplace\core\Router.php | Строка: 46
--------------------
[2022-08-07 19:33:52] Текст ошибки: Контроллер app\controllers\TargetController не найден | Файл: F:\WebServer\domains\workplace.loc\vendor\workplace\core\Router.php | Строка: 46
--------------------
[2022-08-13 10:53:53] Текст ошибки: Страница не найдена | Файл: F:\WebServer\domains\workplace.loc\vendor\workplace\core\Router.php | Строка: 49
--------------------
[2022-08-13 10:56:46] Текст ошибки: Страница не найдена | Файл: F:\WebServer\domains\workplace.loc\vendor\workplace\core\Router.php | Строка: 49
--------------------
[2022-08-13 11:36:42] Текст ошибки: Контроллер app\controllers\UploadFileController не найден | Файл: F:\WebServer\domains\workplace.loc\vendor\workplace\core\Router.php | Строка: 46
--------------------
[2022-08-13 11:40:08] Текст ошибки: Контроллер app\controllers\UploadFileController не найден | Файл: F:\WebServer\domains\workplace.loc\vendor\workplace\core\Router.php | Строка: 46
--------------------
[2022-08-13 11:49:29] Текст ошибки: Контроллер app\controllers\UploadFileController не найден | Файл: F:\WebServer\domains\workplace.loc\vendor\workplace\core\Router.php | Строка: 46
--------------------
[2022-08-13 11:54:09] Текст ошибки: Контроллер app\controllers\UploadFileController не найден | Файл: F:\WebServer\domains\workplace.loc\vendor\workplace\core\Router.php | Строка: 46
--------------------
[2022-08-13 11:58:24] Текст ошибки: Страница не найдена | Файл: F:\WebServer\domains\workplace.loc\vendor\workplace\core\Router.php | Строка: 49
--------------------
[2022-08-13 12:01:36] Текст ошибки: Метод app\controllers\BudgetController::uploadFileAction не найден | Файл: F:\WebServer\domains\workplace.loc\vendor\workplace\core\Router.php | Строка: 42
--------------------
[2022-08-13 12:04:46] Текст ошибки: Файл вида F:\WebServer\domains\workplace.loc/app/views/Budget/upload-file.php не найден | Файл: F:\WebServer\domains\workplace.loc\vendor\workplace\core\base\View.php | Строка: 76
--------------------
[2022-08-13 14:02:56] Текст ошибки: Страница не найдена | Файл: F:\WebServer\domains\workplace.loc\vendor\workplace\core\Router.php | Строка: 49
--------------------
[2022-08-13 14:03:46] Текст ошибки: Страница не найдена | Файл: F:\WebServer\domains\workplace.loc\vendor\workplace\core\Router.php | Строка: 49
--------------------
[2022-08-13 14:03:48] Текст ошибки: Файл вида F:\WebServer\domains\workplace.loc/app/views/Budget/upload-file.php не найден | Файл: F:\WebServer\domains\workplace.loc\vendor\workplace\core\base\View.php | Строка: 76
--------------------
[2022-08-13 14:04:57] Текст ошибки: Файл вида F:\WebServer\domains\workplace.loc/app/views/Budget/upload-file.php не найден | Файл: F:\WebServer\domains\workplace.loc\vendor\workplace\core\base\View.php | Строка: 76
--------------------
[2022-08-13 14:06:04] Текст ошибки: Файл вида F:\WebServer\domains\workplace.loc/app/views/Budget/upload-file.php не найден | Файл: F:\WebServer\domains\workplace.loc\vendor\workplace\core\base\View.php | Строка: 76
--------------------
[2022-08-13 14:10:57] Текст ошибки: Страница не найдена | Файл: F:\WebServer\domains\workplace.loc\vendor\workplace\core\Router.php | Строка: 49
--------------------
[2022-08-13 14:11:20] Текст ошибки: Страница не найдена | Файл: F:\WebServer\domains\workplace.loc\vendor\workplace\core\Router.php | Строка: 49
--------------------
[2022-08-13 15:07:16] Текст ошибки: Страница не найдена | Файл: F:\WebServer\domains\workplace.loc\vendor\workplace\core\Router.php | Строка: 49
--------------------
[2022-08-14 08:31:48] Текст ошибки: Нет соединения с БД | Файл: E:\OpenServer\domains\workplace.loc\vendor\workplace\core\Db.php | Строка: 17
--------------------
[2022-08-14 08:31:48] Текст ошибки: Страница не найдена | Файл: E:\OpenServer\domains\workplace.loc\vendor\workplace\core\Router.php | Строка: 49
--------------------
[2022-08-14 08:34:08] Текст ошибки: Страница не найдена | Файл: E:\OpenServer\domains\workplace.loc\vendor\workplace\core\Router.php | Строка: 49
--------------------
[2022-08-14 16:34:57] Текст ошибки: Страница не найдена | Файл: E:\OpenServer\domains\workplace.loc\vendor\workplace\core\Router.php | Строка: 49
--------------------
[2022-08-14 16:52:52] Текст ошибки: Страница не найдена | Файл: E:\OpenServer\domains\workplace.loc\vendor\workplace\core\Router.php | Строка: 49
--------------------
[2022-08-14 17:12:13] Текст ошибки: Страница не найдена | Файл: E:\OpenServer\domains\workplace.loc\vendor\workplace\core\Router.php | Строка: 49
--------------------
[2022-08-14 18:54:52] Текст ошибки: Страница не найдена | Файл: E:\OpenServer\domains\workplace.loc\vendor\workplace\core\Router.php | Строка: 49
--------------------
[2022-08-20 08:33:30] Текст ошибки: Страница не найдена | Файл: E:\OpenServer\domains\workplace.loc\vendor\workplace\core\Router.php | Строка: 49
--------------------
[2022-08-20 08:33:55] Текст ошибки: SQLSTATE[42S02]: Base table or view not found: 1146 Table 'workplace.budget_item' doesn't exist | Файл: E:\OpenServer\domains\workplace.loc\vendor\gabordemooij\redbean\RedBeanPHP\Driver\RPDO.php | Строка: 202
--------------------
[2022-08-20 08:33:59] Текст ошибки: SQLSTATE[42S02]: Base table or view not found: 1146 Table 'workplace.budget_item' doesn't exist | Файл: E:\OpenServer\domains\workplace.loc\vendor\gabordemooij\redbean\RedBeanPHP\Driver\RPDO.php | Строка: 202
--------------------
[2022-08-25 17:31:39] Текст ошибки: Страница не найдена | Файл: E:\OpenServer\domains\workplace.loc\vendor\workplace\core\Router.php | Строка: 49
--------------------
[2022-08-28 13:10:16] Текст ошибки: Страница не найдена | Файл: E:\OpenServer\domains\workplace2.loc\vendor\workplace\core\Router.php | Строка: 49
--------------------
[2022-09-01 19:10:10] Текст ошибки: Страница не найдена | Файл: E:\OpenServer\domains\workplace2.loc\vendor\workplace\core\Router.php | Строка: 49
--------------------
[2022-09-01 19:10:20] Текст ошибки: Страница не найдена | Файл: E:\OpenServer\domains\workplace2.loc\vendor\workplace\core\Router.php | Строка: 49
--------------------
[2022-09-01 19:10:48] Текст ошибки: Страница не найдена | Файл: E:\OpenServer\domains\workplace2.loc\vendor\workplace\core\Router.php | Строка: 49
--------------------
[2022-09-03 16:35:34] Текст ошибки: Страница не найдена | Файл: E:\OpenServer\domains\workplace2.loc\vendor\workplace\core\Router.php | Строка: 49
--------------------
[2022-09-03 16:43:48] Текст ошибки: Страница не найдена | Файл: E:\OpenServer\domains\test.loc\vendor\workplace\core\Router.php | Строка: 49
--------------------
[2022-09-03 17:27:54] Текст ошибки: Нет соединения с БД | Файл: E:\OpenServer\domains\test.loc\vendor\workplace\core\Db.php | Строка: 17
--------------------
[2022-09-03 17:27:55] Текст ошибки: Страница не найдена | Файл: E:\OpenServer\domains\test.loc\vendor\workplace\core\Router.php | Строка: 49
--------------------
[2022-09-03 17:28:35] Текст ошибки: Нет соединения с БД | Файл: E:\OpenServer\domains\test.loc\vendor\workplace\core\Db.php | Строка: 17
--------------------
[2022-09-03 17:28:36] Текст ошибки: Страница не найдена | Файл: E:\OpenServer\domains\test.loc\vendor\workplace\core\Router.php | Строка: 49
--------------------
[2022-09-03 17:28:55] Текст ошибки: Нет соединения с БД | Файл: E:\OpenServer\domains\test.loc\vendor\workplace\core\Db.php | Строка: 17
--------------------
[2022-09-03 17:28:55] Текст ошибки: Страница не найдена | Файл: E:\OpenServer\domains\test.loc\vendor\workplace\core\Router.php | Строка: 49
--------------------
[2022-09-03 17:29:58] Текст ошибки: Call to undefined method app\models\Er::getCurrentEr() | Файл: E:\OpenServer\domains\test.loc\app\controllers\PartnerController.php | Строка: 18
--------------------
[2022-09-03 17:29:58] Текст ошибки: Страница не найдена | Файл: E:\OpenServer\domains\test.loc\vendor\workplace\core\Router.php | Строка: 49
--------------------
[2022-09-03 17:30:27] Текст ошибки: SQLSTATE[42S02]: Base table or view not found: 1146 Table 'test.payments' doesn't exist | Файл: E:\OpenServer\domains\test.loc\vendor\gabordemooij\redbean\RedBeanPHP\Driver\RPDO.php | Строка: 202
--------------------
[2022-09-03 17:30:27] Текст ошибки: Страница не найдена | Файл: E:\OpenServer\domains\test.loc\vendor\workplace\core\Router.php | Строка: 49
--------------------
[2022-09-03 17:33:28] Текст ошибки: Call to undefined method app\models\Er::getCurrentEr() | Файл: E:\OpenServer\domains\test.loc\app\controllers\PartnerController.php | Строка: 18
--------------------
[2022-09-03 17:33:30] Текст ошибки: SQLSTATE[42S02]: Base table or view not found: 1146 Table 'test.payments' doesn't exist | Файл: E:\OpenServer\domains\test.loc\vendor\gabordemooij\redbean\RedBeanPHP\Driver\RPDO.php | Строка: 202
--------------------
[2022-09-03 17:33:31] Текст ошибки: Страница не найдена | Файл: E:\OpenServer\domains\test.loc\vendor\workplace\core\Router.php | Строка: 49
--------------------
[2022-09-03 17:34:24] Текст ошибки: SQLSTATE[42S02]: Base table or view not found: 1146 Table 'test.payments' doesn't exist | Файл: E:\OpenServer\domains\test.loc\vendor\gabordemooij\redbean\RedBeanPHP\Driver\RPDO.php | Строка: 202
--------------------
[2022-09-03 17:34:25] Текст ошибки: Страница не найдена | Файл: E:\OpenServer\domains\test.loc\vendor\workplace\core\Router.php | Строка: 49
--------------------
[2022-09-03 17:34:38] Текст ошибки: SQLSTATE[42S02]: Base table or view not found: 1146 Table 'test.payments' doesn't exist | Файл: E:\OpenServer\domains\test.loc\vendor\gabordemooij\redbean\RedBeanPHP\Driver\RPDO.php | Строка: 202
--------------------
[2022-09-03 17:34:38] Текст ошибки: Страница не найдена | Файл: E:\OpenServer\domains\test.loc\vendor\workplace\core\Router.php | Строка: 49
--------------------
[2022-09-03 17:37:37] Текст ошибки: Страница не найдена | Файл: E:\OpenServer\domains\test.loc\vendor\workplace\core\Router.php | Строка: 49
--------------------
[2022-09-03 17:39:10] Текст ошибки: Страница не найдена | Файл: E:\OpenServer\domains\test.loc\vendor\workplace\core\Router.php | Строка: 49
--------------------
[2022-09-03 17:39:48] Текст ошибки: Call to undefined method app\models\Er::getCurrentEr() | Файл: E:\OpenServer\domains\test.loc\app\controllers\PartnerController.php | Строка: 18
--------------------
[2022-09-03 17:39:49] Текст ошибки: Страница не найдена | Файл: E:\OpenServer\domains\test.loc\vendor\workplace\core\Router.php | Строка: 49
--------------------
[2022-09-03 17:41:08] Текст ошибки: Страница не найдена | Файл: E:\OpenServer\domains\test.loc\vendor\workplace\core\Router.php | Строка: 49
--------------------
[2022-09-03 17:42:59] Текст ошибки: Страница не найдена | Файл: E:\OpenServer\domains\test.loc\vendor\workplace\core\Router.php | Строка: 49
--------------------
[2022-09-03 20:10:40] Текст ошибки: Контрагент с ID 6321426031 не найден | Файл: E:\OpenServer\domains\test.loc\app\controllers\PartnerController.php | Строка: 46
--------------------
[2022-09-03 20:10:41] Текст ошибки: Страница не найдена | Файл: E:\OpenServer\domains\test.loc\vendor\workplace\core\Router.php | Строка: 49
--------------------
[2022-09-03 20:10:56] Текст ошибки: Контрагент с ID 6321408770 не найден | Файл: E:\OpenServer\domains\test.loc\app\controllers\PartnerController.php | Строка: 46
--------------------
[2022-09-03 20:10:57] Текст ошибки: Страница не найдена | Файл: E:\OpenServer\domains\test.loc\vendor\workplace\core\Router.php | Строка: 49
--------------------
[2022-09-03 20:12:36] Текст ошибки: Метод app\controllers\PartnerController::editAction не найден | Файл: E:\OpenServer\domains\test.loc\vendor\workplace\core\Router.php | Строка: 42
--------------------
[2022-09-03 20:19:36] Текст ошибки: Метод app\controllers\PartnerController::editKaAction не найден | Файл: E:\OpenServer\domains\test.loc\vendor\workplace\core\Router.php | Строка: 42
--------------------
[2022-09-03 20:19:36] Текст ошибки: Страница не найдена | Файл: E:\OpenServer\domains\test.loc\vendor\workplace\core\Router.php | Строка: 49
--------------------
[2022-09-03 20:25:17] Текст ошибки: Метод app\controllers\PartnerController::editKaAction не найден | Файл: E:\OpenServer\domains\test.loc\vendor\workplace\core\Router.php | Строка: 42
--------------------
[2022-09-03 20:25:17] Текст ошибки: Страница не найдена | Файл: E:\OpenServer\domains\test.loc\vendor\workplace\core\Router.php | Строка: 49
--------------------
[2022-09-03 20:25:27] Текст ошибки: Метод app\controllers\PartnerController::editKaAction не найден | Файл: E:\OpenServer\domains\test.loc\vendor\workplace\core\Router.php | Строка: 42
--------------------
[2022-09-03 20:25:27] Текст ошибки: Страница не найдена | Файл: E:\OpenServer\domains\test.loc\vendor\workplace\core\Router.php | Строка: 49
--------------------
[2022-09-04 08:36:41] Текст ошибки: Страница не найдена | Файл: E:\OpenServer\domains\test.loc\vendor\workplace\core\Router.php | Строка: 49
--------------------
[2022-09-04 14:59:43] Текст ошибки: Return value of app\models\Er::getEr() must be of the type bool, array returned | Файл: E:\OpenServer\domains\test.loc\app\models\Er.php | Строка: 168
--------------------
[2022-09-04 15:05:28] Текст ошибки: Call to undefined method app\models\Partner::getPartnerByID() | Файл: E:\OpenServer\domains\test.loc\app\controllers\ErController.php | Строка: 60
--------------------
[2022-09-04 16:41:10] Текст ошибки: Cannot use object of type app\models\Er as array | Файл: E:\OpenServer\domains\test.loc\app\models\Er.php | Строка: 22
--------------------
[2022-09-04 16:42:07] Текст ошибки: Cannot use object of type app\models\Er as array | Файл: E:\OpenServer\domains\test.loc\app\models\Er.php | Строка: 22
--------------------
[2022-09-04 16:42:32] Текст ошибки: Cannot use object of type app\models\Er as array | Файл: E:\OpenServer\domains\test.loc\app\models\Er.php | Строка: 22
--------------------
[2022-09-04 16:47:38] Текст ошибки: Cannot use object of type app\models\Er as array | Файл: E:\OpenServer\domains\test.loc\app\models\Er.php | Строка: 23
--------------------
[2022-09-04 16:48:29] Текст ошибки: Cannot use object of type app\models\Er as array | Файл: E:\OpenServer\domains\test.loc\app\models\Er.php | Строка: 25
--------------------
[2022-09-04 17:05:22] Текст ошибки: SQLSTATE[22007]: Invalid datetime format: 1366 Incorrect integer value: '' for column `test`.`er`.`delay` at row 1 | Файл: E:\OpenServer\domains\test.loc\vendor\gabordemooij\redbean\RedBeanPHP\Driver\RPDO.php | Строка: 202
--------------------
[2022-09-04 17:05:22] Текст ошибки: Страница не найдена | Файл: E:\OpenServer\domains\test.loc\vendor\workplace\core\Router.php | Строка: 49
--------------------
[2022-09-04 17:08:29] Текст ошибки: Страница не найдена | Файл: E:\OpenServer\domains\test.loc\vendor\workplace\core\Router.php | Строка: 49
--------------------
[2022-09-04 17:09:24] Текст ошибки: Страница не найдена | Файл: E:\OpenServer\domains\test.loc\vendor\workplace\core\Router.php | Строка: 49
--------------------
[2022-09-04 17:09:35] Текст ошибки: Страница не найдена | Файл: E:\OpenServer\domains\test.loc\vendor\workplace\core\Router.php | Строка: 49
--------------------
[2022-09-04 17:13:47] Текст ошибки: Страница не найдена | Файл: E:\OpenServer\domains\test.loc\vendor\workplace\core\Router.php | Строка: 49
--------------------
[2022-09-04 17:42:16] Текст ошибки: Call to undefined method app\models\Partner::getPartnerByID() | Файл: E:\OpenServer\domains\test.loc\app\controllers\ErController.php | Строка: 57
--------------------
[2022-09-04 18:07:56] Текст ошибки: SQLSTATE[22007]: Invalid datetime format: 1366 Incorrect integer value: '' for column `test`.`er`.`id_partner` at row 1 | Файл: E:\OpenServer\domains\test.loc\vendor\gabordemooij\redbean\RedBeanPHP\Driver\RPDO.php | Строка: 202
--------------------
[2022-09-04 18:07:56] Текст ошибки: Страница не найдена | Файл: E:\OpenServer\domains\test.loc\vendor\workplace\core\Router.php | Строка: 49
--------------------
[2022-09-04 18:08:43] Текст ошибки: Call to undefined method app\models\Er::getPayment() | Файл: E:\OpenServer\domains\test.loc\app\controllers\ErController.php | Строка: 95
--------------------
[2022-09-10 18:56:16] Текст ошибки: Страница не найдена | Файл: E:\OpenServer\domains\test.loc\vendor\workplace\core\Router.php | Строка: 49
--------------------
[2022-09-10 21:31:53] Текст ошибки: Страница не найдена | Файл: E:\OpenServer\domains\test.loc\vendor\workplace\core\Router.php | Строка: 49
--------------------
[2022-09-10 21:32:57] Текст ошибки: Страница не найдена | Файл: E:\OpenServer\domains\test.loc\vendor\workplace\core\Router.php | Строка: 49
--------------------
[2022-09-10 21:34:12] Текст ошибки: Страница не найдена | Файл: E:\OpenServer\domains\test.loc\vendor\workplace\core\Router.php | Строка: 49
--------------------
[2022-09-10 21:35:55] Текст ошибки: Страница не найдена | Файл: E:\OpenServer\domains\test.loc\vendor\workplace\core\Router.php | Строка: 49
--------------------
[2022-09-10 21:36:53] Текст ошибки: Страница не найдена | Файл: E:\OpenServer\domains\test.loc\vendor\workplace\core\Router.php | Строка: 49
--------------------
[2022-09-10 21:37:39] Текст ошибки: Страница не найдена | Файл: E:\OpenServer\domains\test.loc\vendor\workplace\core\Router.php | Строка: 49
--------------------
[2022-09-10 21:38:22] Текст ошибки: Страница не найдена | Файл: E:\OpenServer\domains\test.loc\vendor\workplace\core\Router.php | Строка: 49
--------------------
[2022-09-10 21:38:55] Текст ошибки: Страница не найдена | Файл: E:\OpenServer\domains\test.loc\vendor\workplace\core\Router.php | Строка: 49
--------------------
[2022-09-10 21:38:56] Текст ошибки: Страница не найдена | Файл: E:\OpenServer\domains\test.loc\vendor\workplace\core\Router.php | Строка: 49
--------------------
[2022-09-12 18:08:57] Текст ошибки: Страница не найдена | Файл: E:\OpenServer\domains\test.loc\vendor\workplace\core\Router.php | Строка: 49
--------------------
[2022-09-12 18:09:06] Текст ошибки: Страница не найдена | Файл: E:\OpenServer\domains\test.loc\vendor\workplace\core\Router.php | Строка: 49
--------------------
[2022-09-12 18:09:18] Текст ошибки: Страница не найдена | Файл: E:\OpenServer\domains\test.loc\vendor\workplace\core\Router.php | Строка: 49
--------------------
[2022-09-12 18:54:10] Текст ошибки: Страница не найдена | Файл: E:\OpenServer\domains\test.loc\vendor\workplace\core\Router.php | Строка: 49
--------------------
[2022-09-12 19:15:44] Текст ошибки: Страница не найдена | Файл: E:\OpenServer\domains\test.loc\vendor\workplace\core\Router.php | Строка: 49
--------------------
[2022-09-12 19:17:07] Текст ошибки: Страница не найдена | Файл: E:\OpenServer\domains\test.loc\vendor\workplace\core\Router.php | Строка: 49
--------------------
[2022-09-15 18:39:14] Текст ошибки: Страница не найдена | Файл: E:\OpenServer\domains\test.loc\vendor\workplace\core\Router.php | Строка: 49
--------------------
[2022-09-15 18:39:37] Текст ошибки: Страница не найдена | Файл: E:\OpenServer\domains\test.loc\vendor\workplace\core\Router.php | Строка: 49
--------------------
[2022-09-15 18:53:10] Текст ошибки: Страница не найдена | Файл: E:\OpenServer\domains\test.loc\vendor\workplace\core\Router.php | Строка: 49
--------------------
[2022-09-15 18:53:19] Текст ошибки: Страница не найдена | Файл: E:\OpenServer\domains\test.loc\vendor\workplace\core\Router.php | Строка: 49
--------------------
[2022-09-15 18:54:10] Текст ошибки: Страница не найдена | Файл: E:\OpenServer\domains\test.loc\vendor\workplace\core\Router.php | Строка: 49
--------------------
[2022-09-15 18:54:13] Текст ошибки: Страница не найдена | Файл: E:\OpenServer\domains\test.loc\vendor\workplace\core\Router.php | Строка: 49
--------------------
[2022-09-15 18:56:01] Текст ошибки: syntax error, unexpected '/' | Файл: E:\OpenServer\domains\test.loc\app\controllers\PartnerController.php | Строка: 162
--------------------
[2022-09-15 18:56:01] Текст ошибки: Страница не найдена | Файл: E:\OpenServer\domains\test.loc\vendor\workplace\core\Router.php | Строка: 49
--------------------
[2022-09-15 18:56:03] Текст ошибки: syntax error, unexpected '/' | Файл: E:\OpenServer\domains\test.loc\app\controllers\PartnerController.php | Строка: 162
--------------------
[2022-09-15 18:56:24] Текст ошибки: Страница не найдена | Файл: E:\OpenServer\domains\test.loc\vendor\workplace\core\Router.php | Строка: 49
--------------------
[2022-09-15 18:59:35] Текст ошибки: Страница не найдена | Файл: E:\OpenServer\domains\test.loc\vendor\workplace\core\Router.php | Строка: 49
--------------------
[2022-09-15 18:59:55] Текст ошибки: Страница не найдена | Файл: E:\OpenServer\domains\test.loc\vendor\workplace\core\Router.php | Строка: 49
--------------------
[2022-09-18 12:46:17] Текст ошибки: Страница не найдена | Файл: E:\OpenServer\domains\test.loc\vendor\workplace\core\Router.php | Строка: 49
--------------------
[2022-09-18 12:46:34] Текст ошибки: Argument 1 passed to app\models\Er::getERFromDate() must be of the type int, null given, called in E:\OpenServer\domains\test.loc\app\controllers\PartnerController.php on line 152 | Файл: E:\OpenServer\domains\test.loc\app\models\Er.php | Строка: 84
--------------------
[2022-09-18 12:46:34] Текст ошибки: Страница не найдена | Файл: E:\OpenServer\domains\test.loc\vendor\workplace\core\Router.php | Строка: 49
--------------------
[2022-09-18 12:51:55] Текст ошибки: Страница не найдена | Файл: E:\OpenServer\domains\test.loc\vendor\workplace\core\Router.php | Строка: 49
--------------------
[2022-09-18 12:51:58] Текст ошибки: Страница не найдена | Файл: E:\OpenServer\domains\test.loc\vendor\workplace\core\Router.php | Строка: 49
--------------------
[2022-09-18 13:42:47] Текст ошибки: Страница не найдена | Файл: E:\OpenServer\domains\test.loc\vendor\workplace\core\Router.php | Строка: 49
--------------------
[2022-09-18 13:53:19] Текст ошибки: Контрагент с ID 6321426031 не найден | Файл: E:\OpenServer\domains\test.loc\app\controllers\PartnerController.php | Строка: 45
--------------------
[2022-09-18 13:53:19] Текст ошибки: Страница не найдена | Файл: E:\OpenServer\domains\test.loc\vendor\workplace\core\Router.php | Строка: 49
--------------------
[2022-09-18 13:53:22] Текст ошибки: Контрагент с ID 6321426031 не найден | Файл: E:\OpenServer\domains\test.loc\app\controllers\PartnerController.php | Строка: 45
--------------------
[2022-09-18 13:53:22] Текст ошибки: Страница не найдена | Файл: E:\OpenServer\domains\test.loc\vendor\workplace\core\Router.php | Строка: 49
--------------------
[2022-11-12 13:35:22] Текст ошибки: Страница не найдена | Файл: E:\OpenServer\domains\test.loc\vendor\workplace\core\Router.php | Строка: 49
--------------------
[2022-11-12 14:07:29] Текст ошибки: Страница не найдена | Файл: E:\OpenServer\domains\test.loc\vendor\workplace\core\Router.php | Строка: 49
--------------------
[2022-11-13 08:50:05] Текст ошибки: Страница не найдена | Файл: E:\OpenServer\domains\test.loc\vendor\workplace\core\Router.php | Строка: 49
--------------------
